c:\users\huh\desktop\brutaldoom\engine\utility\include\debug\vc140.pdb
c:\users\huh\desktop\brutaldoom\engine\utility\include\debug\vc140.idb
c:\users\huh\desktop\brutaldoom\engine\utility\include\debug\camera.obj
c:\users\huh\desktop\brutaldoom\engine\utility\include\debug\cameramgr.obj
c:\users\huh\desktop\brutaldoom\engine\utility\include\debug\camerasubject.obj
c:\users\huh\desktop\brutaldoom\engine\utility\include\debug\component.obj
c:\users\huh\desktop\brutaldoom\engine\utility\include\debug\gameobject.obj
c:\users\huh\desktop\brutaldoom\engine\utility\include\debug\layer.obj
c:\users\huh\desktop\brutaldoom\engine\utility\include\debug\observer.obj
c:\users\huh\desktop\brutaldoom\engine\utility\include\debug\scene.obj
c:\users\huh\desktop\brutaldoom\engine\utility\include\debug\management.obj
c:\users\huh\desktop\brutaldoom\engine\utility\include\debug\renderer.obj
c:\users\huh\desktop\brutaldoom\engine\utility\include\debug\subject.obj
c:\users\huh\desktop\brutaldoom\engine\utility\include\debug\transform.obj
c:\users\huh\desktop\brutaldoom\engine\utility\bin\utility.ilk
c:\users\huh\desktop\brutaldoom\engine\utility\bin\utility.dll
c:\users\huh\desktop\brutaldoom\engine\utility\bin\utility.pdb
c:\users\huh\desktop\brutaldoom\engine\utility\bin\utility.lib
c:\users\huh\desktop\brutaldoom\engine\utility\bin\utility.exp
c:\users\huh\desktop\brutaldoom\engine\utility\include\debug\utility.tlog\cl.command.1.tlog
c:\users\huh\desktop\brutaldoom\engine\utility\include\debug\utility.tlog\cl.read.1.tlog
c:\users\huh\desktop\brutaldoom\engine\utility\include\debug\utility.tlog\cl.write.1.tlog
c:\users\huh\desktop\brutaldoom\engine\utility\include\debug\utility.tlog\link.command.1.tlog
c:\users\huh\desktop\brutaldoom\engine\utility\include\debug\utility.tlog\link.read.1.tlog
c:\users\huh\desktop\brutaldoom\engine\utility\include\debug\utility.tlog\link.write.1.tlog
c:\users\huh\desktop\brutaldoom\engine\utility\include\debug\utility.tlog\utility.write.1u.tlog
