c:\users\huh\desktop\brutaldoom\engine\utility\include\release\vc140.pdb
c:\users\huh\desktop\brutaldoom\engine\utility\include\release\transform.obj
c:\users\huh\desktop\brutaldoom\engine\utility\include\release\renderer.obj
c:\users\huh\desktop\brutaldoom\engine\utility\include\release\management.obj
c:\users\huh\desktop\brutaldoom\engine\utility\include\release\scene.obj
c:\users\huh\desktop\brutaldoom\engine\utility\include\release\layer.obj
c:\users\huh\desktop\brutaldoom\engine\utility\include\release\gameobject.obj
c:\users\huh\desktop\brutaldoom\engine\utility\include\release\component.obj
c:\users\huh\desktop\brutaldoom\engine\utility\bin\utility.dll
c:\users\huh\desktop\brutaldoom\engine\utility\bin\utility.ipdb
c:\users\huh\desktop\brutaldoom\engine\utility\bin\utility.iobj
c:\users\huh\desktop\brutaldoom\engine\utility\bin\utility.pdb
c:\users\huh\desktop\brutaldoom\engine\utility\bin\utility.lib
c:\users\huh\desktop\brutaldoom\engine\utility\bin\utility.exp
c:\users\huh\desktop\brutaldoom\engine\utility\bin\utility.ilk
c:\users\huh\desktop\brutaldoom\engine\utility\include\release\utility.tlog\cl.command.1.tlog
c:\users\huh\desktop\brutaldoom\engine\utility\include\release\utility.tlog\cl.read.1.tlog
c:\users\huh\desktop\brutaldoom\engine\utility\include\release\utility.tlog\cl.write.1.tlog
c:\users\huh\desktop\brutaldoom\engine\utility\include\release\utility.tlog\link.command.1.tlog
c:\users\huh\desktop\brutaldoom\engine\utility\include\release\utility.tlog\link.read.1.tlog
c:\users\huh\desktop\brutaldoom\engine\utility\include\release\utility.tlog\link.write.1.tlog
c:\users\huh\desktop\brutaldoom\engine\utility\include\release\utility.tlog\utility.write.1u.tlog
