c:\users\huh\desktop\brutaldoom\engine\resources\include\debug\vc140.pdb
c:\users\huh\desktop\brutaldoom\engine\resources\include\debug\vc140.idb
c:\users\huh\desktop\brutaldoom\engine\resources\include\debug\cubecol.obj
c:\users\huh\desktop\brutaldoom\engine\resources\include\debug\cubetex.obj
c:\users\huh\desktop\brutaldoom\engine\resources\include\debug\rccol.obj
c:\users\huh\desktop\brutaldoom\engine\resources\include\debug\rctex.obj
c:\users\huh\desktop\brutaldoom\engine\resources\include\debug\resources.obj
c:\users\huh\desktop\brutaldoom\engine\resources\include\debug\resourcesmgr.obj
c:\users\huh\desktop\brutaldoom\engine\resources\include\debug\terraincol.obj
c:\users\huh\desktop\brutaldoom\engine\resources\include\debug\terraintex.obj
c:\users\huh\desktop\brutaldoom\engine\resources\include\debug\texture.obj
c:\users\huh\desktop\brutaldoom\engine\resources\include\debug\tricol.obj
c:\users\huh\desktop\brutaldoom\engine\resources\include\debug\vibuffer.obj
c:\users\huh\desktop\brutaldoom\engine\resources\bin\resources.ilk
c:\users\huh\desktop\brutaldoom\engine\resources\bin\resources.dll
c:\users\huh\desktop\brutaldoom\engine\resources\bin\resources.pdb
c:\users\huh\desktop\brutaldoom\engine\resources\bin\resources.lib
c:\users\huh\desktop\brutaldoom\engine\resources\bin\resources.exp
c:\users\huh\desktop\brutaldoom\engine\resources\include\debug\resources.tlog\cl.command.1.tlog
c:\users\huh\desktop\brutaldoom\engine\resources\include\debug\resources.tlog\cl.read.1.tlog
c:\users\huh\desktop\brutaldoom\engine\resources\include\debug\resources.tlog\cl.write.1.tlog
c:\users\huh\desktop\brutaldoom\engine\resources\include\debug\resources.tlog\link.command.1.tlog
c:\users\huh\desktop\brutaldoom\engine\resources\include\debug\resources.tlog\link.read.1.tlog
c:\users\huh\desktop\brutaldoom\engine\resources\include\debug\resources.tlog\link.write.1.tlog
c:\users\huh\desktop\brutaldoom\engine\resources\include\debug\resources.tlog\resources.write.1u.tlog
